{
  "RSpec": {
    "coverage": {
      "/Users/IreneCanuti/Maker_Projects/bookmark_manager_Wedn/bookmark-manager/app/bookmark.rb": [
        1,
        null,
        1,
        1,
        1,
        null,
        1,
        null,
        1,
        1,
        1,
        null,
        null,
        null,
        1,
        1,
        71,
        null,
        null,
        null,
        1,
        18,
        18,
        18,
        null,
        null,
        1,
        5,
        null,
        null,
        1,
        5,
        5,
        6,
        6,
        null,
        5,
        null,
        null,
        1,
        1,
        1,
        1,
        1,
        null,
        null,
        null,
        null,
        1,
        14,
        14,
        null,
        null,
        1,
        14,
        14,
        6,
        6,
        null,
        8,
        8,
        null,
        null,
        null,
        null,
        1,
        null
      ],
      "/Users/IreneCanuti/Maker_Projects/bookmark_manager_Wedn/bookmark-manager/app/data_mapper_setup.rb": [
        1,
        1,
        null,
        1,
        1,
        1,
        null,
        null,
        null,
        1,
        1,
        1
      ],
      "/Users/IreneCanuti/Maker_Projects/bookmark_manager_Wedn/bookmark-manager/spec/features/add_tags_spec.rb": [
        null,
        null,
        null,
        null,
        1,
        1,
        1,
        1,
        1,
        1,
        1,
        1,
        1,
        1,
        1,
        null,
        null
      ],
      "/Users/IreneCanuti/Maker_Projects/bookmark_manager_Wedn/bookmark-manager/spec/features/confirm_password_spec.rb": [
        1,
        1,
        1,
        2,
        null,
        null,
        1,
        1,
        1,
        1,
        null,
        null
      ],
      "/Users/IreneCanuti/Maker_Projects/bookmark_manager_Wedn/bookmark-manager/spec/features/creating_links_spec.rb": [
        null,
        1,
        1,
        1,
        1,
        1,
        1,
        1,
        1,
        1,
        1,
        null,
        null
      ],
      "/Users/IreneCanuti/Maker_Projects/bookmark_manager_Wedn/bookmark-manager/spec/features/feature_tests_spec.rb": [
        null,
        null,
        null,
        null,
        1,
        1,
        1,
        1,
        1,
        1,
        1,
        null,
        null,
        null
      ],
      "/Users/IreneCanuti/Maker_Projects/bookmark_manager_Wedn/bookmark-manager/spec/features/filtering_by_tag_spec.rb": [
        1,
        null,
        null,
        null,
        null,
        null,
        1,
        1,
        1,
        1,
        1,
        1,
        1,
        1,
        1,
        null,
        1,
        1,
        1,
        1,
        1,
        null,
        1,
        1,
        null,
        null
      ],
      "/Users/IreneCanuti/Maker_Projects/bookmark_manager_Wedn/bookmark-manager/spec/features/multiple_tags_spec.rb": [
        null,
        null,
        null,
        null,
        1,
        1,
        1,
        1,
        1,
        1,
        1,
        1,
        1,
        1,
        null,
        null
      ],
      "/Users/IreneCanuti/Maker_Projects/bookmark_manager_Wedn/bookmark-manager/spec/features/sign_up_spec.rb": [
        null,
        1,
        1,
        1,
        1,
        1,
        1,
        1,
        null,
        1,
        2,
        null,
        null,
        1,
        1,
        1,
        1,
        1,
        1,
        1,
        null,
        null,
        1,
        1,
        1,
        1,
        1,
        1,
        1,
        null,
        null,
        1,
        1,
        1,
        1,
        1,
        1,
        1,
        1,
        1,
        null,
        null
      ]
    },
    "timestamp": 1485620621
  }
}
